e:\oop\assignment 5-6\assignment 5-6\debug\vc142.pdb
e:\oop\assignment 5-6\assignment 5-6\debug\vc142.idb
e:\oop\assignment 5-6\assignment 5-6\debug\ui.obj
e:\oop\assignment 5-6\assignment 5-6\debug\main.obj
e:\oop\assignment 5-6\assignment 5-6\debug\service.obj
e:\oop\assignment 5-6\assignment 5-6\debug\repository.obj
e:\oop\assignment 5-6\assignment 5-6\debug\dynamicvector.obj
e:\oop\assignment 5-6\assignment 5-6\debug\task.obj
e:\oop\assignment 5-6\assignment 5-6\debug\tests.obj
e:\oop\assignment 5-6\assignment 5-6\debug\dynamicvectoriterator.obj
e:\oop\assignment 5-6\assignment 5-6\debug\utils.obj
e:\oop\assignment 5-6\assignment 5-6\debug\filerepository.obj
e:\oop\assignment 5-6\assignment 5-6\debug\myexceptions.obj
e:\oop\assignment 5-6\assignment 5-6\debug\validator.obj
e:\oop\assignment 5-6\debug\assignment 5-6.exe
e:\oop\assignment 5-6\debug\assignment 5-6.ilk
e:\oop\assignment 5-6\debug\assignment 5-6.pdb
e:\oop\assignment 5-6\assignment 5-6\debug\ui.new.obj.enc
e:\oop\assignment 5-6\assignment 5-6\debug\assignment 5-6.tlog\cl.command.1.tlog
e:\oop\assignment 5-6\assignment 5-6\debug\assignment 5-6.tlog\cl.read.1.tlog
e:\oop\assignment 5-6\assignment 5-6\debug\assignment 5-6.tlog\cl.write.1.tlog
e:\oop\assignment 5-6\assignment 5-6\debug\assignment 5-6.tlog\link.command.1.tlog
e:\oop\assignment 5-6\assignment 5-6\debug\assignment 5-6.tlog\link.read.1.tlog
e:\oop\assignment 5-6\assignment 5-6\debug\assignment 5-6.tlog\link.write.1.tlog
